[2013-08-12 13:12:01,739] INFO Verifying properties (kafka.utils.VerifiableProperties)
[2013-08-12 13:12:01,760] INFO Property port is overridden to 9092 (kafka.utils.VerifiableProperties)
[2013-08-12 13:12:01,761] INFO Property socket.request.max.bytes is overridden to 104857600 (kafka.utils.VerifiableProperties)
[2013-08-12 13:12:01,762] INFO Property num.io.threads is overridden to 2 (kafka.utils.VerifiableProperties)
[2013-08-12 13:12:01,762] INFO Property log.dirs is overridden to /tmp/kafka-logs (kafka.utils.VerifiableProperties)
[2013-08-12 13:12:01,763] INFO Property log.cleanup.interval.mins is overridden to 1 (kafka.utils.VerifiableProperties)
[2013-08-12 13:12:01,764] INFO Property socket.send.buffer.bytes is overridden to 1048576 (kafka.utils.VerifiableProperties)
[2013-08-12 13:12:01,764] INFO Property log.flush.interval.ms is overridden to 1000 (kafka.utils.VerifiableProperties)
[2013-08-12 13:12:01,765] INFO Property zookeeper.connect is overridden to localhost:2181 (kafka.utils.VerifiableProperties)
[2013-08-12 13:12:01,765] INFO Property broker.id is overridden to 0 (kafka.utils.VerifiableProperties)
[2013-08-12 13:12:01,766] INFO Property log.retention.hours is overridden to 168 (kafka.utils.VerifiableProperties)
[2013-08-12 13:12:01,767] INFO Property num.network.threads is overridden to 2 (kafka.utils.VerifiableProperties)
[2013-08-12 13:12:01,768] INFO Property socket.receive.buffer.bytes is overridden to 1048576 (kafka.utils.VerifiableProperties)
[2013-08-12 13:12:01,769] INFO Property zookeeper.connection.timeout.ms is overridden to 1000000 (kafka.utils.VerifiableProperties)
[2013-08-12 13:12:01,769] INFO Property num.partitions is overridden to 2 (kafka.utils.VerifiableProperties)
[2013-08-12 13:12:01,770] INFO Property log.flush.interval.messages is overridden to 10000 (kafka.utils.VerifiableProperties)
[2013-08-12 13:12:01,771] INFO Property log.segment.bytes is overridden to 536870912 (kafka.utils.VerifiableProperties)
[2013-08-12 13:12:01,779] INFO [Kafka Server 0], Starting (kafka.server.KafkaServer)
[2013-08-12 13:12:01,796] INFO [Log Manager on Broker 0] Log directory 'C:\tmp\kafka-logs' not found, creating it. (kafka.log.LogManager)
[2013-08-12 13:12:01,804] INFO [Log Manager on Broker 0] Starting log cleaner every 60000 ms (kafka.log.LogManager)
[2013-08-12 13:12:01,811] INFO [Log Manager on Broker 0] Starting log flusher every 3000 ms with the following overrides Map() (kafka.log.LogManager)
[2013-08-12 13:12:01,815] FATAL Fatal error during KafkaServerStable startup. Prepare to shutdown (kafka.server.KafkaServerStartable)
java.lang.NoClassDefFoundError: com/yammer/metrics/core/Gauge
	at kafka.network.SocketServer.<init>(SocketServer.scala:47)
	at kafka.server.KafkaServer.startup(KafkaServer.scala:68)
	at kafka.server.KafkaServerStartable.startup(KafkaServerStartable.scala:34)
	at kafka.Kafka$.main(Kafka.scala:46)
	at kafka.Kafka.main(Kafka.scala)
Caused by: java.lang.ClassNotFoundException: com.yammer.metrics.core.Gauge
	at java.net.URLClassLoader$1.run(URLClassLoader.java:202)
	at java.security.AccessController.doPrivileged(Native Method)
	at java.net.URLClassLoader.findClass(URLClassLoader.java:190)
	at java.lang.ClassLoader.loadClass(ClassLoader.java:306)
	at sun.misc.Launcher$AppClassLoader.loadClass(Launcher.java:301)
	at java.lang.ClassLoader.loadClass(ClassLoader.java:247)
	... 5 more
[2013-08-12 13:12:01,821] INFO [Kafka Server 0], Shutting down (kafka.server.KafkaServer)
[2013-08-12 13:12:01,822] INFO Shutdown Kafka scheduler (kafka.utils.KafkaScheduler)
[2013-08-12 13:12:01,830] INFO [Kafka Server 0], Shut down completed (kafka.server.KafkaServer)
[2013-08-12 13:12:01,831] INFO [Kafka Server 0], Shutting down (kafka.server.KafkaServer)
